<?xml version="1.0" encoding="UTF-8"?>
<testng-results skipped="0" failed="0" ignored="0" total="1" passed="1">
  <reporter-output>
  </reporter-output>
  <suite name="Default suite" duration-ms="11269" started-at="2020-08-29T17:02:15Z" finished-at="2020-08-29T17:02:26Z">
    <groups>
    </groups>
    <test name="Default test" duration-ms="11269" started-at="2020-08-29T17:02:15Z" finished-at="2020-08-29T17:02:26Z">
      <class name="com.api.demoapi.demoapi.AppTest">
        <test-method status="PASS" signature="GetWeatherDetails()[pri:0, instance:com.api.demoapi.demoapi.AppTest@4f30ec]" name="GetWeatherDetails" duration-ms="11160" started-at="2020-08-29T22:32:15Z" finished-at="2020-08-29T22:32:26Z">
          <reporter-output>
          </reporter-output>
        </test-method> <!-- GetWeatherDetails -->
      </class> <!-- com.api.demoapi.demoapi.AppTest -->
    </test> <!-- Default test -->
  </suite> <!-- Default suite -->
</testng-results>
