<?xml version="1.0" encoding="UTF-8"?>
<testng-results skipped="0" failed="0" ignored="0" total="1" passed="1">
  <reporter-output>
  </reporter-output>
  <suite name="Default suite" duration-ms="7164" started-at="2020-08-30T06:49:54Z" finished-at="2020-08-30T06:50:02Z">
    <groups>
    </groups>
    <test name="Default test" duration-ms="7164" started-at="2020-08-30T06:49:54Z" finished-at="2020-08-30T06:50:02Z">
      <class name="com.api.demoapi.demoapi.AccessKey">
        <test-method status="PASS" signature="GetWeatherDetails()[pri:0, instance:com.api.demoapi.demoapi.AccessKey@4f30ec]" name="GetWeatherDetails" duration-ms="7061" started-at="2020-08-30T12:19:55Z" finished-at="2020-08-30T12:20:02Z">
          <reporter-output>
          </reporter-output>
        </test-method> <!-- GetWeatherDetails -->
      </class> <!-- com.api.demoapi.demoapi.AccessKey -->
    </test> <!-- Default test -->
  </suite> <!-- Default suite -->
</testng-results>
